<?xml version="1.0" encoding="UTF-8" ?>
<testsuite failures="0" time="0.737" errors="0" skipped="0" tests="9" name="com.legis.demo.domain.BookIntegrationTest">
  <properties>
[...]
</properties>
  <testcase time="0.096" classname="com.legis.demo.domain.BookIntegrationTest" name="testFindEntries"/>
  <testcase time="0.088" classname="com.legis.demo.domain.BookIntegrationTest" name="testFindAll"/>
  <testcase time="0.09" classname="com.legis.demo.domain.BookIntegrationTest" name="testCount"/>
  <testcase time="0.097" classname="com.legis.demo.domain.BookIntegrationTest" name="testFlush"/>
  <testcase time="0.102" classname="com.legis.demo.domain.BookIntegrationTest" name="testFind"/>
  <testcase time="0.088" classname="com.legis.demo.domain.BookIntegrationTest" name="testSave"/>
  <testcase time="0.006" classname="com.legis.demo.domain.BookIntegrationTest" name="testMarkerMethod"/>
  <testcase time="0.091" classname="com.legis.demo.domain.BookIntegrationTest" name="testSaveUpdate"/>
  <testcase time="0.079" classname="com.legis.demo.domain.BookIntegrationTest" name="testDelete"/>
</testsuite>